<?xml version="1.0" encoding="UTF-8"?>
<!-- Generated by org.testng.reporters.JUnitXMLReporter -->
<testsuite hostname="DESKTOP-5T3ASGR" name="Test" tests="7" failures="0" timestamp="31 Oct 2019 11:47:17 GMT" time="0.116" errors="0">
  <testcase name="@BeforeTest getData" time="0.0" classname="qaclickacademy.Jira_Test">
    <failure type="java.io.FileNotFoundException" message="C:\Users\Purush\Rest_Assured_Maven\env.properties (The system cannot find the file specified)">
      <![CDATA[java.io.FileNotFoundException: C:\Users\Purush\Rest_Assured_Maven\env.properties (The system cannot find the file specified)
	at java.io.FileInputStream.open0(Native Method)
	at java.io.FileInputStream.open(FileInputStream.java:195)
	at java.io.FileInputStream.<init>(FileInputStream.java:138)
	at java.io.FileInputStream.<init>(FileInputStream.java:93)
	at qaclickacademy.Jira_Test.getData(Jira_Test.java:29)
... Removed 22 stack frames]]>
    </failure>
  </testcase> <!-- @BeforeTest getData -->
  <testcase name="@BeforeTest getData" time="0.0" classname="qaclickacademy.Jira_Test">
    <skipped/>
  </testcase> <!-- @BeforeTest getData -->
  <testcase name="@BeforeTest getData" time="0.0" classname="qaclickacademy.Jira_Test">
    <skipped/>
  </testcase> <!-- @BeforeTest getData -->
  <testcase name="@BeforeTest getData" time="0.0" classname="qaclickacademy.Jira_Test">
    <skipped/>
  </testcase> <!-- @BeforeTest getData -->
  <testcase name="getJiraTest" time="0.005" classname="qaclickacademy.Jira_Test">
    <skipped/>
  </testcase> <!-- getJiraTest -->
  <testcase name="getTest" time="0.008" classname="qaclickacademy.post_delete_XML">
    <skipped/>
  </testcase> <!-- getTest -->
  <testcase name="getTest" time="0.0" classname="qaclickacademy.post_test">
    <skipped/>
  </testcase> <!-- getTest -->
  <testcase name="getOAuthData" time="0.0" classname="qaclickacademy.OAuth_Demo">
    <skipped/>
  </testcase> <!-- getOAuthData -->
  <testcase name="getTest" time="0.002" classname="qaclickacademy.post_delete_JSON">
    <skipped/>
  </testcase> <!-- getTest -->
  <testcase name="getTest" time="0.004" classname="qaclickacademy.json_advanced">
    <skipped/>
  </testcase> <!-- getTest -->
  <testcase name="test" time="0.003" classname="qaclickacademy.Demo">
    <skipped/>
  </testcase> <!-- test -->
</testsuite> <!-- Test -->
