<?xml version="1.0" encoding="UTF-8"?>
<!-- Generated by org.testng.reporters.JUnitXMLReporter -->
<testsuite hostname="DESKTOP-5T3ASGR" name="Test" tests="9" failures="0" timestamp="4 Nov 2019 13:43:49 GMT" time="69.227" errors="0">
  <testcase name="getJiraTest" time="0.002" classname="qaclickacademy.Jira_Test"/>
  <testcase name="getTest" time="7.439" classname="qaclickacademy.post_delete_XML"/>
  <testcase name="getTest" time="0.747" classname="qaclickacademy.post_test"/>
  <testcase name="getOAuthData" time="54.574" classname="qaclickacademy.OAuth_Demo"/>
  <testcase name="getTest" time="0.521" classname="qaclickacademy.post_delete_JSON"/>
  <testcase name="getTest" time="2.256" classname="qaclickacademy.json_advanced"/>
  <testcase name="test" time="0.384" classname="qaclickacademy.Demo"/>
  <testcase name="getTest" time="0.45" classname="qaclickacademy.HashMap_Demo"/>
  <testcase name="getTest" time="2.814" classname="qaclickacademy.Excel_Data_Driven"/>
</testsuite> <!-- Test -->
