<?xml version="1.0" encoding="UTF-8"?>
<testng-results skipped="0" failed="0" total="9" passed="9">
  <reporter-output>
  </reporter-output>
  <suite name="Suite" duration-ms="69227" started-at="2019-11-04T13:42:40Z" finished-at="2019-11-04T13:43:49Z">
    <groups>
    </groups>
    <test name="Test" duration-ms="69227" started-at="2019-11-04T13:42:40Z" finished-at="2019-11-04T13:43:49Z">
      <class name="qaclickacademy.HashMap_Demo">
        <test-method status="PASS" signature="getTest()[pri:0, instance:qaclickacademy.HashMap_Demo@6b927fb]" name="getTest" duration-ms="450" started-at="2019-11-04T19:13:46Z" finished-at="2019-11-04T19:13:46Z">
          <reporter-output>
          </reporter-output>
        </test-method> <!-- getTest -->
      </class> <!-- qaclickacademy.HashMap_Demo -->
      <class name="qaclickacademy.post_test">
        <test-method status="PASS" signature="getTest()[pri:0, instance:qaclickacademy.post_test@4a94ee4]" name="getTest" duration-ms="747" started-at="2019-11-04T19:12:47Z" finished-at="2019-11-04T19:12:48Z">
          <reporter-output>
          </reporter-output>
        </test-method> <!-- getTest -->
      </class> <!-- qaclickacademy.post_test -->
      <class name="qaclickacademy.Excel_Data_Driven">
        <test-method status="PASS" signature="getTest()[pri:0, instance:qaclickacademy.Excel_Data_Driven@7b9a4292]" name="getTest" duration-ms="2814" started-at="2019-11-04T19:13:46Z" finished-at="2019-11-04T19:13:49Z">
          <reporter-output>
          </reporter-output>
        </test-method> <!-- getTest -->
      </class> <!-- qaclickacademy.Excel_Data_Driven -->
      <class name="qaclickacademy.Demo">
        <test-method status="PASS" signature="getData()[pri:0, instance:qaclickacademy.Demo@a514af7]" name="getData" is-config="true" duration-ms="13" started-at="2019-11-04T19:12:40Z" finished-at="2019-11-04T19:12:40Z">
          <reporter-output>
          </reporter-output>
        </test-method> <!-- getData -->
        <test-method status="PASS" signature="getData()[pri:0, instance:qaclickacademy.Jira_Test@4fb61f4a]" name="getData" is-config="true" duration-ms="1" started-at="2019-11-04T19:12:40Z" finished-at="2019-11-04T19:12:40Z">
          <reporter-output>
          </reporter-output>
        </test-method> <!-- getData -->
        <test-method status="PASS" signature="getData()[pri:0, instance:qaclickacademy.OAuth_Demo@4fb0f2b9]" name="getData" is-config="true" duration-ms="0" started-at="2019-11-04T19:12:40Z" finished-at="2019-11-04T19:12:40Z">
          <reporter-output>
          </reporter-output>
        </test-method> <!-- getData -->
        <test-method status="PASS" signature="getData()[pri:0, instance:qaclickacademy.json_advanced@4cc451f2]" name="getData" is-config="true" duration-ms="1" started-at="2019-11-04T19:12:40Z" finished-at="2019-11-04T19:12:40Z">
          <reporter-output>
          </reporter-output>
        </test-method> <!-- getData -->
        <test-method status="PASS" signature="getData()[pri:0, instance:qaclickacademy.post_delete_JSON@3e58a80e]" name="getData" is-config="true" duration-ms="0" started-at="2019-11-04T19:12:40Z" finished-at="2019-11-04T19:12:40Z">
          <reporter-output>
          </reporter-output>
        </test-method> <!-- getData -->
        <test-method status="PASS" signature="getData()[pri:0, instance:qaclickacademy.post_delete_XML@71809907]" name="getData" is-config="true" duration-ms="1" started-at="2019-11-04T19:12:40Z" finished-at="2019-11-04T19:12:40Z">
          <reporter-output>
          </reporter-output>
        </test-method> <!-- getData -->
        <test-method status="PASS" signature="test()[pri:0, instance:qaclickacademy.Demo@a514af7]" name="test" duration-ms="384" started-at="2019-11-04T19:13:45Z" finished-at="2019-11-04T19:13:46Z">
          <reporter-output>
          </reporter-output>
        </test-method> <!-- test -->
      </class> <!-- qaclickacademy.Demo -->
      <class name="qaclickacademy.OAuth_Demo">
        <test-method status="PASS" signature="getOAuthData()[pri:0, instance:qaclickacademy.OAuth_Demo@4fb0f2b9]" name="getOAuthData" duration-ms="54574" started-at="2019-11-04T19:12:48Z" finished-at="2019-11-04T19:13:43Z">
          <reporter-output>
          </reporter-output>
        </test-method> <!-- getOAuthData -->
      </class> <!-- qaclickacademy.OAuth_Demo -->
      <class name="qaclickacademy.json_advanced">
        <test-method status="PASS" signature="getTest()[pri:0, instance:qaclickacademy.json_advanced@4cc451f2]" name="getTest" duration-ms="2256" started-at="2019-11-04T19:13:43Z" finished-at="2019-11-04T19:13:45Z">
          <reporter-output>
          </reporter-output>
        </test-method> <!-- getTest -->
      </class> <!-- qaclickacademy.json_advanced -->
      <class name="qaclickacademy.post_delete_JSON">
        <test-method status="PASS" signature="getTest()[pri:0, instance:qaclickacademy.post_delete_JSON@3e58a80e]" name="getTest" duration-ms="521" started-at="2019-11-04T19:13:43Z" finished-at="2019-11-04T19:13:43Z">
          <reporter-output>
          </reporter-output>
        </test-method> <!-- getTest -->
      </class> <!-- qaclickacademy.post_delete_JSON -->
      <class name="qaclickacademy.post_delete_XML">
        <test-method status="PASS" signature="getTest()[pri:0, instance:qaclickacademy.post_delete_XML@71809907]" name="getTest" duration-ms="7439" started-at="2019-11-04T19:12:40Z" finished-at="2019-11-04T19:12:47Z">
          <reporter-output>
          </reporter-output>
        </test-method> <!-- getTest -->
      </class> <!-- qaclickacademy.post_delete_XML -->
      <class name="qaclickacademy.Jira_Test">
        <test-method status="PASS" signature="getJiraTest()[pri:0, instance:qaclickacademy.Jira_Test@4fb61f4a]" name="getJiraTest" duration-ms="2" started-at="2019-11-04T19:12:40Z" finished-at="2019-11-04T19:12:40Z">
          <reporter-output>
          </reporter-output>
        </test-method> <!-- getJiraTest -->
      </class> <!-- qaclickacademy.Jira_Test -->
    </test> <!-- Test -->
  </suite> <!-- Suite -->
</testng-results>
